<?xml version="1.0" encoding="UTF-8"?>
<robot generator="Robot 3.2.2 (Python 3.9.0 on win32)" generated="20201124 14:39:19.420" rpa="false">
<suite id="s1" name="Robot-Fwk-Tutorial" source="C:\Users\sstuparu\eclipse-workspace\robot-fwk-tutorial">
<suite id="s1-s1" name="Suites" source="C:\Users\sstuparu\eclipse-workspace\robot-fwk-tutorial\suites">
<suite id="s1-s1-s1" name="Joke Suite" source="C:\Users\sstuparu\eclipse-workspace\robot-fwk-tutorial\suites\joke_suite.robot">
<test id="s1-s1-s1-t1" name="Verify joke type">
<kw name="Get Jokes By Type" library="ApiLibrary">
<arguments>
<arg>general</arg>
<arg>ten</arg>
</arguments>
<assign>
<var>${general_jokes}</var>
</assign>
<msg timestamp="20201124 14:39:21.086" level="INFO">${general_jokes} = [{'id': 104, 'type': 'general', 'setup': 'What do ghosts call their true love?', 'punchline': 'Their ghoul-friend'}, {'id': 238, 'type': 'general', 'setup': 'What do you do on a remote island?', 'punc...</msg>
<status status="PASS" starttime="20201124 14:39:20.781" endtime="20201124 14:39:21.087"></status>
</kw>
<kw name="Verify Type Of Joke" library="ApiLibrary">
<arguments>
<arg>${general_jokes}</arg>
<arg>general</arg>
</arguments>
<status status="PASS" starttime="20201124 14:39:21.088" endtime="20201124 14:39:21.089"></status>
</kw>
<kw name="Get Jokes By Type" library="ApiLibrary">
<arguments>
<arg>programming</arg>
<arg>ten</arg>
</arguments>
<assign>
<var>${programming_jokes}</var>
</assign>
<msg timestamp="20201124 14:39:22.167" level="INFO">${programming_jokes} = [{'id': 74, 'type': 'programming', 'setup': 'Why do C# and Java developers keep breaking their keyboards?', 'punchline': 'Because they use a strongly typed language.'}, {'id': 17, 'type': 'programming...</msg>
<status status="PASS" starttime="20201124 14:39:21.090" endtime="20201124 14:39:22.168"></status>
</kw>
<kw name="Verify Type Of Joke" library="ApiLibrary">
<arguments>
<arg>${programming_jokes}</arg>
<arg>programming</arg>
</arguments>
<status status="PASS" starttime="20201124 14:39:22.169" endtime="20201124 14:39:22.172"></status>
</kw>
<doc>Retrieve 10 random jokes by type and for each joke verify if the type is correct. If not, raise an error.</doc>
<status status="PASS" starttime="20201124 14:39:20.780" endtime="20201124 14:39:22.173" critical="yes"></status>
</test>
<doc>Basic info</doc>
<status status="PASS" starttime="20201124 14:39:19.472" endtime="20201124 14:39:22.176"></status>
</suite>
<status status="PASS" starttime="20201124 14:39:19.469" endtime="20201124 14:39:22.182"></status>
</suite>
<status status="PASS" starttime="20201124 14:39:19.451" endtime="20201124 14:39:22.185"></status>
</suite>
<statistics>
<total>
<stat pass="1" fail="0">Critical Tests</stat>
<stat pass="1" fail="0">All Tests</stat>
</total>
<tag>
</tag>
<suite>
<stat pass="1" fail="0" id="s1" name="Robot-Fwk-Tutorial">Robot-Fwk-Tutorial</stat>
<stat pass="1" fail="0" id="s1-s1" name="Suites">Robot-Fwk-Tutorial.Suites</stat>
<stat pass="1" fail="0" id="s1-s1-s1" name="Joke Suite">Robot-Fwk-Tutorial.Suites.Joke Suite</stat>
</suite>
</statistics>
<errors>
</errors>
</robot>
